  helper_functions.c
C:\Users\Klauke\source\repos\C FileServer\C FileServer\helper_functions.c(22,44): warning C4090: 'function': different 'const' qualifiers
C:\Users\Klauke\source\repos\C FileServer\C FileServer\helper_functions.c(24,9): warning C4033: 'CreateFileUpdatePackage' must return a value
C:\Users\Klauke\source\repos\C FileServer\C FileServer\helper_functions.c(49,15): warning C4013: 'printf' undefined; assuming extern returning int
C:\Users\Klauke\source\repos\C FileServer\C FileServer\helper_functions.c(76,60): warning C4133: 'function': incompatible types - from 'WIN32_FIND_DATA *' to 'LPWIN32_FIND_DATAA'
C:\Users\Klauke\source\repos\C FileServer\C FileServer\helper_functions.c(139,56): warning C4047: 'function': 'char *' differs in levels of indirection from 'char (*)[200]'
C:\Users\Klauke\source\repos\C FileServer\C FileServer\helper_functions.c(139,41): warning C4024: 'GetFilesInFolder': different types for formal and actual parameter 2
  Source.c
C:\Users\Klauke\source\repos\C FileServer\C FileServer\Source.c(149,36): warning C4133: 'function': incompatible types - from 'DataUnion *' to 'char *'
C:\Users\Klauke\source\repos\C FileServer\C FileServer\Source.c(160,26): warning C4133: 'function': incompatible types - from 'DataUnion *' to 'char *'
C:\Users\Klauke\source\repos\C FileServer\C FileServer\Source.c(169,36): warning C4133: 'function': incompatible types - from 'DataUnion *' to 'char *'
C:\Users\Klauke\source\repos\C FileServer\C FileServer\Source.c(242,78): warning C4244: '=': conversion from 'ULONGLONG' to 'int', possible loss of data
C:\Users\Klauke\source\repos\C FileServer\C FileServer\Source.c(251,43): warning C4267: 'initializing': conversion from 'size_t' to 'int', possible loss of data
  Generating code
  Previous IPDB not found, fall back to full compilation.
C:\Users\Klauke\source\repos\C FileServer\C FileServer\helper_functions.c(66): warning C4715: 'CreateFileUpdatePackage': not all control paths return a value
  All 10 functions were compiled because no usable IPDB/IOBJ from previous compilation was found.
  Finished generating code
  C FileServer.vcxproj -> C:\Users\Klauke\source\repos\C FileServer\x64\Release\C FileServer.exe
  Der Befehl "pwsh.exe" ist entweder falsch geschrieben oder
  konnte nicht gefunden werden.
